Determining if the pthread_create exist failed with the following output:
Change Dir: /home/cina/catkin_ws/build/CMakeFiles/CMakeTmp

Run Build Command:"/usr/bin/make" "cmTC_10fb5/fast"
/usr/bin/make -f CMakeFiles/cmTC_10fb5.dir/build.make CMakeFiles/cmTC_10fb5.dir/build
make[1]: Entering directory '/home/cina/catkin_ws/build/CMakeFiles/CMakeTmp'
Building C object CMakeFiles/cmTC_10fb5.dir/CheckSymbolExists.c.o
/usr/bin/cc    -o CMakeFiles/cmTC_10fb5.dir/CheckSymbolExists.c.o   -c /home/cina/catkin_ws/build/CMakeFiles/CMakeTmp/CheckSymbolExists.c
Linking C executable cmTC_10fb5
/usr/bin/cmake -E cmake_link_script CMakeFiles/cmTC_10fb5.dir/link.txt --verbose=1
/usr/bin/cc      -rdynamic CMakeFiles/cmTC_10fb5.dir/CheckSymbolExists.c.o  -o cmTC_10fb5 
CMakeFiles/cmTC_10fb5.dir/CheckSymbolExists.c.o: In function `main':
CheckSymbolExists.c:(.text+0x1b): undefined reference to `pthread_create'
collect2: error: ld returned 1 exit status
CMakeFiles/cmTC_10fb5.dir/build.make:97: recipe for target 'cmTC_10fb5' failed
make[1]: *** [cmTC_10fb5] Error 1
make[1]: Leaving directory '/home/cina/catkin_ws/build/CMakeFiles/CMakeTmp'
Makefile:126: recipe for target 'cmTC_10fb5/fast' failed
make: *** [cmTC_10fb5/fast] Error 2

File /home/cina/catkin_ws/build/CMakeFiles/CMakeTmp/CheckSymbolExists.c:
/* */
#include <pthread.h>

int main(int argc, char** argv)
{
  (void)argv;
#ifndef pthread_create
  return ((int*)(&pthread_create))[argc];
#else
  (void)argc;
  return 0;
#endif
}

Determining if the function pthread_create exists in the pthreads failed with the following output:
Change Dir: /home/cina/catkin_ws/build/CMakeFiles/CMakeTmp

Run Build Command:"/usr/bin/make" "cmTC_fbf50/fast"
/usr/bin/make -f CMakeFiles/cmTC_fbf50.dir/build.make CMakeFiles/cmTC_fbf50.dir/build
make[1]: Entering directory '/home/cina/catkin_ws/build/CMakeFiles/CMakeTmp'
Building C object CMakeFiles/cmTC_fbf50.dir/CheckFunctionExists.c.o
/usr/bin/cc   -DCHECK_FUNCTION_EXISTS=pthread_create   -o CMakeFiles/cmTC_fbf50.dir/CheckFunctionExists.c.o   -c /usr/share/cmake-3.10/Modules/CheckFunctionExists.c
Linking C executable cmTC_fbf50
/usr/bin/cmake -E cmake_link_script CMakeFiles/cmTC_fbf50.dir/link.txt --verbose=1
/usr/bin/cc  -DCHECK_FUNCTION_EXISTS=pthread_create    -rdynamic CMakeFiles/cmTC_fbf50.dir/CheckFunctionExists.c.o  -o cmTC_fbf50 -lpthreads 
/usr/bin/ld: cannot find -lpthreads
collect2: error: ld returned 1 exit status
CMakeFiles/cmTC_fbf50.dir/build.make:97: recipe for target 'cmTC_fbf50' failed
make[1]: *** [cmTC_fbf50] Error 1
make[1]: Leaving directory '/home/cina/catkin_ws/build/CMakeFiles/CMakeTmp'
Makefile:126: recipe for target 'cmTC_fbf50/fast' failed
make: *** [cmTC_fbf50/fast] Error 2


